<?xml version="1.0" encoding="UTF-8"?>
<testng-results skipped="0" failed="0" ignored="0" total="1" passed="1">
  <reporter-output>
  </reporter-output>
  <suite name="Default suite" duration-ms="46138" started-at="2023-05-26T00:52:52 IST" finished-at="2023-05-26T00:53:39 IST">
    <groups>
    </groups>
    <test name="Default test" duration-ms="46138" started-at="2023-05-26T00:52:52 IST" finished-at="2023-05-26T00:53:39 IST">
      <class name="testCases.TC_001_AccountRegistrationTest">
        <test-method status="PASS" signature="setup()[pri:0, instance:testCases.TC_001_AccountRegistrationTest@23d2a7e8]" name="setup" is-config="true" duration-ms="38698" started-at="2023-05-26T00:52:53 IST" finished-at="2023-05-26T00:53:31 IST">
          <reporter-output>
          </reporter-output>
        </test-method> <!-- setup -->
        <test-method status="PASS" signature="test_account_Registration()[pri:0, instance:testCases.TC_001_AccountRegistrationTest@23d2a7e8]" name="test_account_Registration" duration-ms="5942" started-at="2023-05-26T00:53:31 IST" finished-at="2023-05-26T00:53:37 IST">
          <reporter-output>
          </reporter-output>
        </test-method> <!-- test_account_Registration -->
        <test-method status="PASS" signature="tearup()[pri:0, instance:testCases.TC_001_AccountRegistrationTest@23d2a7e8]" name="tearup" is-config="true" duration-ms="1282" started-at="2023-05-26T00:53:37 IST" finished-at="2023-05-26T00:53:39 IST">
          <reporter-output>
          </reporter-output>
        </test-method> <!-- tearup -->
      </class> <!-- testCases.TC_001_AccountRegistrationTest -->
    </test> <!-- Default test -->
  </suite> <!-- Default suite -->
</testng-results>
